/.php                [33m (Status: 403)[0m [Size: 276]
/images              [36m (Status: 301)[0m [Size: 311][34m [--> http://watcher.thm/images/][0m
/.html               [33m (Status: 403)[0m [Size: 276]
/css                 [36m (Status: 301)[0m [Size: 308][34m [--> http://watcher.thm/css/][0m
/.htm                [33m (Status: 403)[0m [Size: 276]
/.                   [32m (Status: 200)[0m [Size: 4826]
/.htaccess           [33m (Status: 403)[0m [Size: 276]
/.phtml              [33m (Status: 403)[0m [Size: 276]
/.htc                [33m (Status: 403)[0m [Size: 276]
/.html_var_DE        [33m (Status: 403)[0m [Size: 276]
/server-status       [33m (Status: 403)[0m [Size: 276]
/.htpasswd           [33m (Status: 403)[0m [Size: 276]
/.html.              [33m (Status: 403)[0m [Size: 276]
/.html.html          [33m (Status: 403)[0m [Size: 276]
/.htpasswds          [33m (Status: 403)[0m [Size: 276]
/.htm.               [33m (Status: 403)[0m [Size: 276]
/.htmll              [33m (Status: 403)[0m [Size: 276]
/.phps               [33m (Status: 403)[0m [Size: 276]
/.html.old           [33m (Status: 403)[0m [Size: 276]
/.ht                 [33m (Status: 403)[0m [Size: 276]
/.html.bak           [33m (Status: 403)[0m [Size: 276]
/.htm.htm            [33m (Status: 403)[0m [Size: 276]
/.html1              [33m (Status: 403)[0m [Size: 276]
/.htgroup            [33m (Status: 403)[0m [Size: 276]
/.hta                [33m (Status: 403)[0m [Size: 276]
/.html.LCK           [33m (Status: 403)[0m [Size: 276]
/.html.printable     [33m (Status: 403)[0m [Size: 276]
/.htm.LCK            [33m (Status: 403)[0m [Size: 276]
/.html.php           [33m (Status: 403)[0m [Size: 276]
/.htx                [33m (Status: 403)[0m [Size: 276]
/.htaccess.bak       [33m (Status: 403)[0m [Size: 276]
/.htmls              [33m (Status: 403)[0m [Size: 276]
/.html-              [33m (Status: 403)[0m [Size: 276]
/.htlm               [33m (Status: 403)[0m [Size: 276]
/.htuser             [33m (Status: 403)[0m [Size: 276]
/.htm2               [33m (Status: 403)[0m [Size: 276]
